<?xml version="1.0" encoding="UTF-8"?>
<!-- Generated by org.testng.reporters.JUnitXMLReporter -->
<testsuite hostname="AnhPQ" name="Test" tests="2" failures="0" timestamp="20 Mar 2016 15:12:40 GMT" time="0.037" errors="0">
  <testcase name="@BeforeClass beforeClass" time="0.0" classname="com.vsii.tsc.TSCSelenium06.Anhptq.test.Login">
    <failure type="java.lang.NullPointerException">
      <![CDATA[java.lang.NullPointerException
	at com.vsii.tsc.TSCSelenium06.Anhptq.test.TestBase.beforeClass(TestBase.java:39)
... Removed 24 stack frames]]>
    </failure>
  </testcase> <!-- @BeforeClass beforeClass -->
  <testcase name="@AfterClass tearDown" time="0.0" classname="com.vsii.tsc.TSCSelenium06.Anhptq.test.Login">
    <skipped/>
  </testcase> <!-- @AfterClass tearDown -->
  <testcase name="LoginFail" time="0.0" classname="com.vsii.tsc.TSCSelenium06.Anhptq.test.Login">
    <skipped/>
  </testcase> <!-- LoginFail -->
  <testcase name="LoginSuccess" time="0.0" classname="com.vsii.tsc.TSCSelenium06.Anhptq.test.Login">
    <skipped/>
  </testcase> <!-- LoginSuccess -->
</testsuite> <!-- Test -->
